
**** Clean-only build of configuration Debug for project Black_helo ****

"C:\\ti\\ccs1200\\ccs\\utils\\bin\\gmake" -k -j 16 clean -O 
 
DEL /F  "Black_helo.hex"  "Black_helo.out" 
DEL /F "GO\Black_DELAY.obj" "GO\Black_GPIO.obj" "GO\Black_INTERRUPT.obj" "GO\Black_KEY.obj" "GO\Black_LED.obj" "GO\Black_OLED.obj" "GO\Black_PWM.obj" "GO\Black_USART.obj" "GO\GY86.obj" "USER\Black_Init.obj" "USER\Black_readme.obj" "USER\main.obj" 
DEL /F "GO\Black_DELAY.d" "GO\Black_GPIO.d" "GO\Black_INTERRUPT.d" "GO\Black_KEY.d" "GO\Black_LED.d" "GO\Black_OLED.d" "GO\Black_PWM.d" "GO\Black_USART.d" "GO\GY86.d" "USER\Black_Init.d" "USER\Black_readme.d" "USER\main.d" 
找不到 D:\diansai\poducar\msp4305529(text)\Debug\Black_helo.hex
找不到 D:\diansai\poducar\msp4305529(text)\Debug\GO\Black_DELAY.obj
找不到 D:\diansai\poducar\msp4305529(text)\Debug\USER\Black_Init.obj
找不到 D:\diansai\poducar\msp4305529(text)\Debug\GO\Black_DELAY.d
找不到 D:\diansai\poducar\msp4305529(text)\Debug\USER\Black_Init.d
Finished clean
 

**** Build Finished ****

**** Build of configuration Debug for project Black_helo ****

"C:\\ti\\ccs1200\\ccs\\utils\\bin\\gmake" -k -j 16 all -O 
 
Building file: "../GO/Black_PWM.c"
Invoking: MSP430 Compiler
"C:/ti/ccs1200/ccs/tools/compiler/ti-cgt-msp430_21.6.0.LTS/bin/cl430" -vmspx --data_model=restricted --use_hw_mpy=F5 --include_path="C:/ti/ccs1200/ccs/ccs_base/msp430/include" --include_path="D:/diansai/poducar/msp4305529(text)" --include_path="C:/ti/ccs1200/ccs/tools/compiler/ti-cgt-msp430_21.6.0.LTS/include" --advice:power=all --define=__MSP430F5529__ -g --printf_support=minimal --diag_warning=225 --diag_wrap=off --display_error_number --silicon_errata=CPU21 --silicon_errata=CPU22 --silicon_errata=CPU23 --silicon_errata=CPU40 --preproc_with_compile --preproc_dependency="GO/Black_PWM.d_raw" --obj_directory="GO"  "../GO/Black_PWM.c"
 
>> Compilation failure
GO/subdir_rules.mk:16: recipe for target 'GO/Black_PWM.obj' failed
"../GO/Black_PWM.c", line 23: remark #1530-D: (ULP 5.1) Detected divide operation(s). Recommend moving them to RAM during run time or not using as these are processing/power intensive
"../GO/Black_PWM.c", line 40: remark #1530-D: (ULP 5.1) Detected divide operation(s). Recommend moving them to RAM during run time or not using as these are processing/power intensive
"../GO/Black_PWM.c", line 57: error #20: identifier "in" is undefined
"../GO/Black_PWM.c", line 57: error #18: expected a ")"
"../GO/Black_PWM.c", line 74: remark #1530-D: (ULP 5.1) Detected divide operation(s). Recommend moving them to RAM during run time or not using as these are processing/power intensive
2 errors detected in the compilation of "../GO/Black_PWM.c".
gmake: *** [GO/Black_PWM.obj] Error 1
Building file: "../USER/Black_readme.c"
Invoking: MSP430 Compiler
"C:/ti/ccs1200/ccs/tools/compiler/ti-cgt-msp430_21.6.0.LTS/bin/cl430" -vmspx --data_model=restricted --use_hw_mpy=F5 --include_path="C:/ti/ccs1200/ccs/ccs_base/msp430/include" --include_path="D:/diansai/poducar/msp4305529(text)" --include_path="C:/ti/ccs1200/ccs/tools/compiler/ti-cgt-msp430_21.6.0.LTS/include" --advice:power=all --define=__MSP430F5529__ -g --printf_support=minimal --diag_warning=225 --diag_wrap=off --display_error_number --silicon_errata=CPU21 --silicon_errata=CPU22 --silicon_errata=CPU23 --silicon_errata=CPU40 --preproc_with_compile --preproc_dependency="USER/Black_readme.d_raw" --obj_directory="USER"  "../USER/Black_readme.c"
Finished building: "../USER/Black_readme.c"
 
Building file: "../GO/Black_DELAY.c"
Invoking: MSP430 Compiler
"C:/ti/ccs1200/ccs/tools/compiler/ti-cgt-msp430_21.6.0.LTS/bin/cl430" -vmspx --data_model=restricted --use_hw_mpy=F5 --include_path="C:/ti/ccs1200/ccs/ccs_base/msp430/include" --include_path="D:/diansai/poducar/msp4305529(text)" --include_path="C:/ti/ccs1200/ccs/tools/compiler/ti-cgt-msp430_21.6.0.LTS/include" --advice:power=all --define=__MSP430F5529__ -g --printf_support=minimal --diag_warning=225 --diag_wrap=off --display_error_number --silicon_errata=CPU21 --silicon_errata=CPU22 --silicon_errata=CPU23 --silicon_errata=CPU40 --preproc_with_compile --preproc_dependency="GO/Black_DELAY.d_raw" --obj_directory="GO"  "../GO/Black_DELAY.c"
"../GO/Black_DELAY.c", line 16: remark #1544-D: (ULP 13.1) Detected loop counting up. Recommend loops count down as detecting zeros is easier
"../GO/Black_DELAY.c", line 16: remark #1527-D: (ULP 2.1) Detected SW delay loop using empty loop. Recommend using a timer module instead
"../GO/Black_DELAY.c", line 17: remark #1544-D: (ULP 13.1) Detected loop counting up. Recommend loops count down as detecting zeros is easier
"../GO/Black_DELAY.c", line 17: remark #1527-D: (ULP 2.1) Detected SW delay loop using empty loop. Recommend using a timer module instead
Finished building: "../GO/Black_DELAY.c"
 
Building file: "../GO/Black_INTERRUPT.c"
Invoking: MSP430 Compiler
"C:/ti/ccs1200/ccs/tools/compiler/ti-cgt-msp430_21.6.0.LTS/bin/cl430" -vmspx --data_model=restricted --use_hw_mpy=F5 --include_path="C:/ti/ccs1200/ccs/ccs_base/msp430/include" --include_path="D:/diansai/poducar/msp4305529(text)" --include_path="C:/ti/ccs1200/ccs/tools/compiler/ti-cgt-msp430_21.6.0.LTS/include" --advice:power=all --define=__MSP430F5529__ -g --printf_support=minimal --diag_warning=225 --diag_wrap=off --display_error_number --silicon_errata=CPU21 --silicon_errata=CPU22 --silicon_errata=CPU23 --silicon_errata=CPU40 --preproc_with_compile --preproc_dependency="GO/Black_INTERRUPT.d_raw" --obj_directory="GO"  "../GO/Black_INTERRUPT.c"
Finished building: "../GO/Black_INTERRUPT.c"
 
Building file: "../GO/Black_KEY.c"
Invoking: MSP430 Compiler
"C:/ti/ccs1200/ccs/tools/compiler/ti-cgt-msp430_21.6.0.LTS/bin/cl430" -vmspx --data_model=restricted --use_hw_mpy=F5 --include_path="C:/ti/ccs1200/ccs/ccs_base/msp430/include" --include_path="D:/diansai/poducar/msp4305529(text)" --include_path="C:/ti/ccs1200/ccs/tools/compiler/ti-cgt-msp430_21.6.0.LTS/include" --advice:power=all --define=__MSP430F5529__ -g --printf_support=minimal --diag_warning=225 --diag_wrap=off --display_error_number --silicon_errata=CPU21 --silicon_errata=CPU22 --silicon_errata=CPU23 --silicon_errata=CPU40 --preproc_with_compile --preproc_dependency="GO/Black_KEY.d_raw" --obj_directory="GO"  "../GO/Black_KEY.c"
"../GO/Black_KEY.c", line 28: remark #1544-D: (ULP 13.1) Detected loop counting up. Recommend loops count down as detecting zeros is easier
"../GO/Black_KEY.c", line 28: remark #1527-D: (ULP 2.1) Detected SW delay loop using empty loop. Recommend using a timer module instead
"../GO/Black_KEY.c", line 42: remark #1544-D: (ULP 13.1) Detected loop counting up. Recommend loops count down as detecting zeros is easier
"../GO/Black_KEY.c", line 42: remark #1527-D: (ULP 2.1) Detected SW delay loop using empty loop. Recommend using a timer module instead
Finished building: "../GO/Black_KEY.c"
 
Building file: "../GO/Black_LED.c"
Invoking: MSP430 Compiler
"C:/ti/ccs1200/ccs/tools/compiler/ti-cgt-msp430_21.6.0.LTS/bin/cl430" -vmspx --data_model=restricted --use_hw_mpy=F5 --include_path="C:/ti/ccs1200/ccs/ccs_base/msp430/include" --include_path="D:/diansai/poducar/msp4305529(text)" --include_path="C:/ti/ccs1200/ccs/tools/compiler/ti-cgt-msp430_21.6.0.LTS/include" --advice:power=all --define=__MSP430F5529__ -g --printf_support=minimal --diag_warning=225 --diag_wrap=off --display_error_number --silicon_errata=CPU21 --silicon_errata=CPU22 --silicon_errata=CPU23 --silicon_errata=CPU40 --preproc_with_compile --preproc_dependency="GO/Black_LED.d_raw" --obj_directory="GO"  "../GO/Black_LED.c"
Finished building: "../GO/Black_LED.c"
 
Building file: "../GO/Black_OLED.c"
Invoking: MSP430 Compiler
"C:/ti/ccs1200/ccs/tools/compiler/ti-cgt-msp430_21.6.0.LTS/bin/cl430" -vmspx --data_model=restricted --use_hw_mpy=F5 --include_path="C:/ti/ccs1200/ccs/ccs_base/msp430/include" --include_path="D:/diansai/poducar/msp4305529(text)" --include_path="C:/ti/ccs1200/ccs/tools/compiler/ti-cgt-msp430_21.6.0.LTS/include" --advice:power=all --define=__MSP430F5529__ -g --printf_support=minimal --diag_warning=225 --diag_wrap=off --display_error_number --silicon_errata=CPU21 --silicon_errata=CPU22 --silicon_errata=CPU23 --silicon_errata=CPU40 --preproc_with_compile --preproc_dependency="GO/Black_OLED.d_raw" --obj_directory="GO"  "../GO/Black_OLED.c"
"../GO/Black_OLED.c", line 54: remark #1544-D: (ULP 13.1) Detected loop counting up. Recommend loops count down as detecting zeros is easier
"../GO/Black_OLED.c", line 60: remark #1540-D: (ULP 11.2) Assignment of higher bits (constants) to "PBOUT_L" within a loop. Recommend using lower 4 bits to allow use of constant generators
"../GO/Black_OLED.c", line 63: remark #1540-D: (ULP 11.2) Assignment of higher bits (constants) to "PBOUT_L" within a loop. Recommend using lower 4 bits to allow use of constant generators
"../GO/Black_OLED.c", line 120: remark #1544-D: (ULP 13.1) Detected loop counting up. Recommend loops count down as detecting zeros is easier
"../GO/Black_OLED.c", line 125: remark #1544-D: (ULP 13.1) Detected loop counting up. Recommend loops count down as detecting zeros is easier
"../GO/Black_OLED.c", line 135: remark #1527-D: (ULP 2.1) Detected SW delay loop using empty loop. Recommend using a timer module instead
"../GO/Black_OLED.c", line 137: remark #1544-D: (ULP 13.1) Detected loop counting up. Recommend loops count down as detecting zeros is easier
"../GO/Black_OLED.c", line 137: remark #1527-D: (ULP 2.1) Detected SW delay loop using empty loop. Recommend using a timer module instead
"../GO/Black_OLED.c", line 166: remark #1544-D: (ULP 13.1) Detected loop counting up. Recommend loops count down as detecting zeros is easier
"../GO/Black_OLED.c", line 171: remark #1544-D: (ULP 13.1) Detected loop counting up. Recommend loops count down as detecting zeros is easier
"../GO/Black_OLED.c", line 177: remark #1544-D: (ULP 13.1) Detected loop counting up. Recommend loops count down as detecting zeros is easier
"../GO/Black_OLED.c", line 182: remark #1544-D: (ULP 13.1) Detected loop counting up. Recommend loops count down as detecting zeros is easier
"../GO/Black_OLED.c", line 197: remark #1544-D: (ULP 13.1) Detected loop counting up. Recommend loops count down as detecting zeros is easier
"../GO/Black_OLED.c", line 198: remark #1545-D: (ULP 14.1) Array index of type "int". Recommend using "unsigned int"
"../GO/Black_OLED.c", line 200: remark #1544-D: (ULP 13.1) Detected loop counting up. Recommend loops count down as detecting zeros is easier
"../GO/Black_OLED.c", line 201: remark #1545-D: (ULP 14.1) Array index of type "int". Recommend using "unsigned int"
"../GO/Black_OLED.c", line 205: remark #1544-D: (ULP 13.1) Detected loop counting up. Recommend loops count down as detecting zeros is easier
"../GO/Black_OLED.c", line 221: remark #1544-D: (ULP 13.1) Detected loop counting up. Recommend loops count down as detecting zeros is easier
"../GO/Black_OLED.c", line 223: remark #1530-D: (ULP 5.1) Detected modulo operation(s). Recommend moving them to RAM during run time or not using as these are processing/power intensive
"../GO/Black_OLED.c", line 228: remark #1530-D: (ULP 5.1) Detected divide operation(s). Recommend moving them to RAM during run time or not using as these are processing/power intensive
"../GO/Black_OLED.c", line 233: remark #1530-D: (ULP 5.1) Detected divide operation(s). Recommend moving them to RAM during run time or not using as these are processing/power intensive
"../GO/Black_OLED.c", line 238: remark #1530-D: (ULP 5.1) Detected modulo operation(s). Recommend moving them to RAM during run time or not using as these are processing/power intensive
"../GO/Black_OLED.c", line 239: remark #1530-D: (ULP 5.1) Detected modulo operation(s). Recommend moving them to RAM during run time or not using as these are processing/power intensive
"../GO/Black_OLED.c", line 240: remark #1530-D: (ULP 5.1) Detected modulo operation(s). Recommend moving them to RAM during run time or not using as these are processing/power intensive
Finished building: "../GO/Black_OLED.c"
 
Building file: "../GO/Black_USART.c"
Invoking: MSP430 Compiler
"C:/ti/ccs1200/ccs/tools/compiler/ti-cgt-msp430_21.6.0.LTS/bin/cl430" -vmspx --data_model=restricted --use_hw_mpy=F5 --include_path="C:/ti/ccs1200/ccs/ccs_base/msp430/include" --include_path="D:/diansai/poducar/msp4305529(text)" --include_path="C:/ti/ccs1200/ccs/tools/compiler/ti-cgt-msp430_21.6.0.LTS/include" --advice:power=all --define=__MSP430F5529__ -g --printf_support=minimal --diag_warning=225 --diag_wrap=off --display_error_number --silicon_errata=CPU21 --silicon_errata=CPU22 --silicon_errata=CPU23 --silicon_errata=CPU40 --preproc_with_compile --preproc_dependency="GO/Black_USART.d_raw" --obj_directory="GO"  "../GO/Black_USART.c"
"../GO/Black_USART.c", line 45: remark #1528-D: (ULP 3.1) Detected flag polling using UCTXIFG. Recommend using an interrupt combined with enter LPMx and ISR
"../GO/Black_USART.c", line 55: remark #1528-D: (ULP 3.1) Detected flag polling using UCTXIFG. Recommend using an interrupt combined with enter LPMx and ISR
Finished building: "../GO/Black_USART.c"
 
Building file: "../GO/GY86.c"
Invoking: MSP430 Compiler
"C:/ti/ccs1200/ccs/tools/compiler/ti-cgt-msp430_21.6.0.LTS/bin/cl430" -vmspx --data_model=restricted --use_hw_mpy=F5 --include_path="C:/ti/ccs1200/ccs/ccs_base/msp430/include" --include_path="D:/diansai/poducar/msp4305529(text)" --include_path="C:/ti/ccs1200/ccs/tools/compiler/ti-cgt-msp430_21.6.0.LTS/include" --advice:power=all --define=__MSP430F5529__ -g --printf_support=minimal --diag_warning=225 --diag_wrap=off --display_error_number --silicon_errata=CPU21 --silicon_errata=CPU22 --silicon_errata=CPU23 --silicon_errata=CPU40 --preproc_with_compile --preproc_dependency="GO/GY86.d_raw" --obj_directory="GO"  "../GO/GY86.c"
"../GO/GY86.c", line 108: remark #1544-D: (ULP 13.1) Detected loop counting up. Recommend loops count down as detecting zeros is easier
"../GO/GY86.c", line 143: remark #1544-D: (ULP 13.1) Detected loop counting up. Recommend loops count down as detecting zeros is easier
"../GO/GY86.c", line 332: remark #1544-D: (ULP 13.1) Detected loop counting up. Recommend loops count down as detecting zeros is easier
"../GO/GY86.c", line 350: remark #1544-D: (ULP 13.1) Detected loop counting up. Recommend loops count down as detecting zeros is easier
Finished building: "../GO/GY86.c"
 
Building file: "../USER/Black_Init.c"
Invoking: MSP430 Compiler
"C:/ti/ccs1200/ccs/tools/compiler/ti-cgt-msp430_21.6.0.LTS/bin/cl430" -vmspx --data_model=restricted --use_hw_mpy=F5 --include_path="C:/ti/ccs1200/ccs/ccs_base/msp430/include" --include_path="D:/diansai/poducar/msp4305529(text)" --include_path="C:/ti/ccs1200/ccs/tools/compiler/ti-cgt-msp430_21.6.0.LTS/include" --advice:power=all --define=__MSP430F5529__ -g --printf_support=minimal --diag_warning=225 --diag_wrap=off --display_error_number --silicon_errata=CPU21 --silicon_errata=CPU22 --silicon_errata=CPU23 --silicon_errata=CPU40 --preproc_with_compile --preproc_dependency="USER/Black_Init.d_raw" --obj_directory="USER"  "../USER/Black_Init.c"
Finished building: "../USER/Black_Init.c"
 
Building file: "../USER/main.c"
Invoking: MSP430 Compiler
"C:/ti/ccs1200/ccs/tools/compiler/ti-cgt-msp430_21.6.0.LTS/bin/cl430" -vmspx --data_model=restricted --use_hw_mpy=F5 --include_path="C:/ti/ccs1200/ccs/ccs_base/msp430/include" --include_path="D:/diansai/poducar/msp4305529(text)" --include_path="C:/ti/ccs1200/ccs/tools/compiler/ti-cgt-msp430_21.6.0.LTS/include" --advice:power=all --define=__MSP430F5529__ -g --printf_support=minimal --diag_warning=225 --diag_wrap=off --display_error_number --silicon_errata=CPU21 --silicon_errata=CPU22 --silicon_errata=CPU23 --silicon_errata=CPU40 --preproc_with_compile --preproc_dependency="USER/main.d_raw" --obj_directory="USER"  "../USER/main.c"
"../USER/main.c", line 41: warning #78-D: this declaration has no storage class or type specifier
"../USER/main.c", line 41: warning #78-D: this declaration has no storage class or type specifier
"../USER/main.c", line 41: warning #78-D: this declaration has no storage class or type specifier
"../USER/main.c", line 41: warning #78-D: this declaration has no storage class or type specifier
"../USER/main.c", line 43: warning #78-D: this declaration has no storage class or type specifier
"../USER/main.c", line 96: warning #179-D: variable "i" was declared but never referenced
"../USER/main.c", line 96: remark #1535-D: (ULP 8.1) variable "i" is used as a constant. Recommend declaring variable as either 'static const' or 'const'
"../USER/main.c", line 103: warning #179-D: variable "i" was declared but never referenced
"../USER/main.c", line 103: remark #1535-D: (ULP 8.1) variable "i" is used as a constant. Recommend declaring variable as either 'static const' or 'const'
"../USER/main.c", line 252: warning #167-D: too few arguments in function call
"../USER/main.c", line 212: warning #179-D: variable "k" was declared but never referenced
"../USER/main.c", line 213: warning #179-D: variable "result" was declared but never referenced
"../USER/main.c", line 213: warning #179-D: variable "ax" was declared but never referenced
"../USER/main.c", line 213: warning #179-D: variable "ay" was declared but never referenced
"../USER/main.c", line 213: warning #179-D: variable "az" was declared but never referenced
"../USER/main.c", line 213: warning #179-D: variable "gx" was declared but never referenced
"../USER/main.c", line 213: warning #179-D: variable "gy" was declared but never referenced
"../USER/main.c", line 213: warning #179-D: variable "gz" was declared but never referenced
"../USER/main.c", line 244: remark #1530-D: (ULP 5.1) Detected divide operation(s). Recommend moving them to RAM during run time or not using as these are processing/power intensive
"../USER/main.c", line 212: remark #1535-D: (ULP 8.1) variable "k" is used as a constant. Recommend declaring variable as either 'static const' or 'const'
"../USER/main.c", line 267: remark #1544-D: (ULP 13.1) Detected loop counting up. Recommend loops count down as detecting zeros is easier
"../USER/main.c", line 277: remark #1538-D: (ULP 10.1) ISR P1_ISR calls function OLED_ShowString. Recommend moving function call away from ISR, or inlining the function, or using pragmas
"../USER/main.c", line 282: remark #1538-D: (ULP 10.1) ISR P1_ISR calls function OLED_ShowString. Recommend moving function call away from ISR, or inlining the function, or using pragmas
"../USER/main.c", line 298: remark #1544-D: (ULP 13.1) Detected loop counting up. Recommend loops count down as detecting zeros is easier
"../USER/main.c", line 305: remark #1538-D: (ULP 10.1) ISR P2_ISR calls function OLED_ShowString. Recommend moving function call away from ISR, or inlining the function, or using pragmas
"../USER/main.c", line 309: remark #1538-D: (ULP 10.1) ISR P2_ISR calls function GetData. Recommend moving function call away from ISR, or inlining the function, or using pragmas
"../USER/main.c", line 310: remark #1538-D: (ULP 10.1) ISR P2_ISR calls function OLED_ShowNum. Recommend moving function call away from ISR, or inlining the function, or using pragmas
"../USER/main.c", line 311: remark #1530-D: (ULP 5.1) Detected divide operation(s). Recommend moving them to RAM during run time or not using as these are processing/power intensive
"../USER/main.c", line 316: remark #1544-D: (ULP 13.1) Detected loop counting up. Recommend loops count down as detecting zeros is easier
"../USER/main.c", line 325: remark #1538-D: (ULP 10.1) ISR P2_ISR calls function OLED_ShowString. Recommend moving function call away from ISR, or inlining the function, or using pragmas
"../USER/main.c", line 328: remark #1538-D: (ULP 10.1) ISR P2_ISR calls function OLED_ShowNum. Recommend moving function call away from ISR, or inlining the function, or using pragmas
"../USER/main.c", line 329: remark #1538-D: (ULP 10.1) ISR P2_ISR calls function OLED_ShowNum. Recommend moving function call away from ISR, or inlining the function, or using pragmas
"../USER/main.c", line 330: remark #1538-D: (ULP 10.1) ISR P2_ISR calls function OLED_ShowNum. Recommend moving function call away from ISR, or inlining the function, or using pragmas
"../USER/main.c", line 331: remark #1538-D: (ULP 10.1) ISR P2_ISR calls function OLED_ShowNum. Recommend moving function call away from ISR, or inlining the function, or using pragmas
"../USER/main.c", line 332: remark #1538-D: (ULP 10.1) ISR P2_ISR calls function OLED_ShowNum. Recommend moving function call away from ISR, or inlining the function, or using pragmas
"../USER/main.c", line 333: remark #1538-D: (ULP 10.1) ISR P2_ISR calls function OLED_ShowNum. Recommend moving function call away from ISR, or inlining the function, or using pragmas
"../USER/main.c", line 334: remark #1538-D: (ULP 10.1) ISR P2_ISR calls function OLED_ShowNum. Recommend moving function call away from ISR, or inlining the function, or using pragmas
"../USER/main.c", line 335: remark #1538-D: (ULP 10.1) ISR P2_ISR calls function OLED_ShowNum. Recommend moving function call away from ISR, or inlining the function, or using pragmas
"../USER/main.c", line 336: remark #1538-D: (ULP 10.1) ISR P2_ISR calls function OLED_ShowNum. Recommend moving function call away from ISR, or inlining the function, or using pragmas
"../USER/main.c", line 337: remark #1538-D: (ULP 10.1) ISR P2_ISR calls function OLED_ShowNum. Recommend moving function call away from ISR, or inlining the function, or using pragmas
"../USER/main.c", line 338: remark #1538-D: (ULP 10.1) ISR P2_ISR calls function OLED_ShowNum. Recommend moving function call away from ISR, or inlining the function, or using pragmas
"../USER/main.c", line 42: remark #1535-D: (ULP 8.1) variable "line" is used as a constant. Recommend declaring variable as either 'static const' or 'const'
"../USER/main.c", line 44: remark #1535-D: (ULP 8.1) variable "duojidafuduzuo" is used as a constant. Recommend declaring variable as either 'static const' or 'const'
Finished building: "../USER/main.c"
 
Building file: "../GO/Black_GPIO.c"
Invoking: MSP430 Compiler
"C:/ti/ccs1200/ccs/tools/compiler/ti-cgt-msp430_21.6.0.LTS/bin/cl430" -vmspx --data_model=restricted --use_hw_mpy=F5 --include_path="C:/ti/ccs1200/ccs/ccs_base/msp430/include" --include_path="D:/diansai/poducar/msp4305529(text)" --include_path="C:/ti/ccs1200/ccs/tools/compiler/ti-cgt-msp430_21.6.0.LTS/include" --advice:power=all --define=__MSP430F5529__ -g --printf_support=minimal --diag_warning=225 --diag_wrap=off --display_error_number --silicon_errata=CPU21 --silicon_errata=CPU22 --silicon_errata=CPU23 --silicon_errata=CPU40 --preproc_with_compile --preproc_dependency="GO/Black_GPIO.d_raw" --obj_directory="GO"  "../GO/Black_GPIO.c"
Finished building: "../GO/Black_GPIO.c"
 
gmake: Target 'all' not remade because of errors.

**** Build Finished ****

**** Build of configuration Debug for project Black_helo ****

"C:\\ti\\ccs1200\\ccs\\utils\\bin\\gmake" -k -j 16 all -O 
 
Building file: "../GO/Black_PWM.c"
Invoking: MSP430 Compiler
"C:/ti/ccs1200/ccs/tools/compiler/ti-cgt-msp430_21.6.0.LTS/bin/cl430" -vmspx --data_model=restricted --use_hw_mpy=F5 --include_path="C:/ti/ccs1200/ccs/ccs_base/msp430/include" --include_path="D:/diansai/poducar/msp4305529(text)" --include_path="C:/ti/ccs1200/ccs/tools/compiler/ti-cgt-msp430_21.6.0.LTS/include" --advice:power=all --define=__MSP430F5529__ -g --printf_support=minimal --diag_warning=225 --diag_wrap=off --display_error_number --silicon_errata=CPU21 --silicon_errata=CPU22 --silicon_errata=CPU23 --silicon_errata=CPU40 --preproc_with_compile --preproc_dependency="GO/Black_PWM.d_raw" --obj_directory="GO"  "../GO/Black_PWM.c"
"../GO/Black_PWM.c", line 23: remark #1530-D: (ULP 5.1) Detected divide operation(s). Recommend moving them to RAM during run time or not using as these are processing/power intensive
"../GO/Black_PWM.c", line 40: remark #1530-D: (ULP 5.1) Detected divide operation(s). Recommend moving them to RAM during run time or not using as these are processing/power intensive
"../GO/Black_PWM.c", line 57: remark #1530-D: (ULP 5.1) Detected divide operation(s). Recommend moving them to RAM during run time or not using as these are processing/power intensive
"../GO/Black_PWM.c", line 74: remark #1530-D: (ULP 5.1) Detected divide operation(s). Recommend moving them to RAM during run time or not using as these are processing/power intensive
"../GO/Black_PWM.c", line 23 (col. 9): remark #1531-D: (ULP 5.2) Detected floating point operation(s). Recommend moving them to RAM during run time or not using as these are processing/power intensive
"../GO/Black_PWM.c", line 40 (col. 9): remark #1531-D: (ULP 5.2) Detected floating point operation(s). Recommend moving them to RAM during run time or not using as these are processing/power intensive
"../GO/Black_PWM.c", line 57 (col. 9): remark #1531-D: (ULP 5.2) Detected floating point operation(s). Recommend moving them to RAM during run time or not using as these are processing/power intensive
"../GO/Black_PWM.c", line 74 (col. 9): remark #1531-D: (ULP 5.2) Detected floating point operation(s). Recommend moving them to RAM during run time or not using as these are processing/power intensive
Finished building: "../GO/Black_PWM.c"
 
Building target: "Black_helo.out"
Invoking: MSP430 Linker
"C:/ti/ccs1200/ccs/tools/compiler/ti-cgt-msp430_21.6.0.LTS/bin/cl430" -vmspx --data_model=restricted --use_hw_mpy=F5 --advice:power=all --define=__MSP430F5529__ -g --printf_support=minimal --diag_warning=225 --diag_wrap=off --display_error_number --silicon_errata=CPU21 --silicon_errata=CPU22 --silicon_errata=CPU23 --silicon_errata=CPU40 -z -m"Black_helo.map" --heap_size=160 --stack_size=160 --cinit_hold_wdt=on -i"C:/ti/ccs1200/ccs/ccs_base/msp430/include" -i"C:/ti/ccs1200/ccs/ccs_base/msp430/lib/5xx_6xx_FRxx" -i"C:/ti/ccs1200/ccs/tools/compiler/ti-cgt-msp430_21.6.0.LTS/lib" -i"C:/ti/ccs1200/ccs/tools/compiler/ti-cgt-msp430_21.6.0.LTS/include" --reread_libs --diag_wrap=off --display_error_number --warn_sections --xml_link_info="Black_helo_linkInfo.xml" --use_hw_mpy=F5 --rom_model -o "Black_helo.out" "./GO/Black_DELAY.obj" "./GO/Black_GPIO.obj" "./GO/Black_INTERRUPT.obj" "./GO/Black_KEY.obj" "./GO/Black_LED.obj" "./GO/Black_OLED.obj" "./GO/Black_PWM.obj" "./GO/Black_USART.obj" "./GO/GY86.obj" "./USER/Black_Init.obj" "./USER/Black_readme.obj" "./USER/main.obj" "../lnk_msp430f5529.cmd"  -llibmath.a -llibc.a 
<Linking>
remark #10371-D: (ULP 1.1) Detected no uses of low power mode state changing instructions
Finished building target: "Black_helo.out"
 

**** Build Finished ****

**** Build of configuration Debug for project Black_helo ****

"C:\\ti\\ccs1200\\ccs\\utils\\bin\\gmake" -k -j 16 all -O 
 
Building file: "../USER/main.c"
Invoking: MSP430 Compiler
"C:/ti/ccs1200/ccs/tools/compiler/ti-cgt-msp430_21.6.0.LTS/bin/cl430" -vmspx --data_model=restricted --use_hw_mpy=F5 --include_path="C:/ti/ccs1200/ccs/ccs_base/msp430/include" --include_path="D:/diansai/poducar/msp4305529(text)" --include_path="C:/ti/ccs1200/ccs/tools/compiler/ti-cgt-msp430_21.6.0.LTS/include" --advice:power=all --define=__MSP430F5529__ -g --printf_support=minimal --diag_warning=225 --diag_wrap=off --display_error_number --silicon_errata=CPU21 --silicon_errata=CPU22 --silicon_errata=CPU23 --silicon_errata=CPU40 --preproc_with_compile --preproc_dependency="USER/main.d_raw" --obj_directory="USER"  "../USER/main.c"
"../USER/main.c", line 41: warning #78-D: this declaration has no storage class or type specifier
"../USER/main.c", line 41: warning #78-D: this declaration has no storage class or type specifier
"../USER/main.c", line 41: warning #78-D: this declaration has no storage class or type specifier
"../USER/main.c", line 41: warning #78-D: this declaration has no storage class or type specifier
"../USER/main.c", line 43: warning #78-D: this declaration has no storage class or type specifier
"../USER/main.c", line 96: warning #179-D: variable "i" was declared but never referenced
"../USER/main.c", line 96: remark #1535-D: (ULP 8.1) variable "i" is used as a constant. Recommend declaring variable as either 'static const' or 'const'
"../USER/main.c", line 103: warning #179-D: variable "i" was declared but never referenced
"../USER/main.c", line 103: remark #1535-D: (ULP 8.1) variable "i" is used as a constant. Recommend declaring variable as either 'static const' or 'const'
"../USER/main.c", line 212: warning #179-D: variable "k" was declared but never referenced
"../USER/main.c", line 213: warning #179-D: variable "result" was declared but never referenced
"../USER/main.c", line 213: warning #179-D: variable "ax" was declared but never referenced
"../USER/main.c", line 213: warning #179-D: variable "ay" was declared but never referenced
"../USER/main.c", line 213: warning #179-D: variable "az" was declared but never referenced
"../USER/main.c", line 213: warning #179-D: variable "gx" was declared but never referenced
"../USER/main.c", line 213: warning #179-D: variable "gy" was declared but never referenced
"../USER/main.c", line 213: warning #179-D: variable "gz" was declared but never referenced
"../USER/main.c", line 244: remark #1530-D: (ULP 5.1) Detected divide operation(s). Recommend moving them to RAM during run time or not using as these are processing/power intensive
"../USER/main.c", line 212: remark #1535-D: (ULP 8.1) variable "k" is used as a constant. Recommend declaring variable as either 'static const' or 'const'
"../USER/main.c", line 269: remark #1544-D: (ULP 13.1) Detected loop counting up. Recommend loops count down as detecting zeros is easier
"../USER/main.c", line 279: remark #1538-D: (ULP 10.1) ISR P1_ISR calls function OLED_ShowString. Recommend moving function call away from ISR, or inlining the function, or using pragmas
"../USER/main.c", line 284: remark #1538-D: (ULP 10.1) ISR P1_ISR calls function OLED_ShowString. Recommend moving function call away from ISR, or inlining the function, or using pragmas
"../USER/main.c", line 300: remark #1544-D: (ULP 13.1) Detected loop counting up. Recommend loops count down as detecting zeros is easier
"../USER/main.c", line 307: remark #1538-D: (ULP 10.1) ISR P2_ISR calls function OLED_ShowString. Recommend moving function call away from ISR, or inlining the function, or using pragmas
"../USER/main.c", line 311: remark #1538-D: (ULP 10.1) ISR P2_ISR calls function GetData. Recommend moving function call away from ISR, or inlining the function, or using pragmas
"../USER/main.c", line 312: remark #1538-D: (ULP 10.1) ISR P2_ISR calls function OLED_ShowNum. Recommend moving function call away from ISR, or inlining the function, or using pragmas
"../USER/main.c", line 313: remark #1530-D: (ULP 5.1) Detected divide operation(s). Recommend moving them to RAM during run time or not using as these are processing/power intensive
"../USER/main.c", line 318: remark #1544-D: (ULP 13.1) Detected loop counting up. Recommend loops count down as detecting zeros is easier
"../USER/main.c", line 327: remark #1538-D: (ULP 10.1) ISR P2_ISR calls function OLED_ShowString. Recommend moving function call away from ISR, or inlining the function, or using pragmas
"../USER/main.c", line 330: remark #1538-D: (ULP 10.1) ISR P2_ISR calls function OLED_ShowNum. Recommend moving function call away from ISR, or inlining the function, or using pragmas
"../USER/main.c", line 331: remark #1538-D: (ULP 10.1) ISR P2_ISR calls function OLED_ShowNum. Recommend moving function call away from ISR, or inlining the function, or using pragmas
"../USER/main.c", line 332: remark #1538-D: (ULP 10.1) ISR P2_ISR calls function OLED_ShowNum. Recommend moving function call away from ISR, or inlining the function, or using pragmas
"../USER/main.c", line 333: remark #1538-D: (ULP 10.1) ISR P2_ISR calls function OLED_ShowNum. Recommend moving function call away from ISR, or inlining the function, or using pragmas
"../USER/main.c", line 334: remark #1538-D: (ULP 10.1) ISR P2_ISR calls function OLED_ShowNum. Recommend moving function call away from ISR, or inlining the function, or using pragmas
"../USER/main.c", line 335: remark #1538-D: (ULP 10.1) ISR P2_ISR calls function OLED_ShowNum. Recommend moving function call away from ISR, or inlining the function, or using pragmas
"../USER/main.c", line 336: remark #1538-D: (ULP 10.1) ISR P2_ISR calls function OLED_ShowNum. Recommend moving function call away from ISR, or inlining the function, or using pragmas
"../USER/main.c", line 337: remark #1538-D: (ULP 10.1) ISR P2_ISR calls function OLED_ShowNum. Recommend moving function call away from ISR, or inlining the function, or using pragmas
"../USER/main.c", line 338: remark #1538-D: (ULP 10.1) ISR P2_ISR calls function OLED_ShowNum. Recommend moving function call away from ISR, or inlining the function, or using pragmas
"../USER/main.c", line 339: remark #1538-D: (ULP 10.1) ISR P2_ISR calls function OLED_ShowNum. Recommend moving function call away from ISR, or inlining the function, or using pragmas
"../USER/main.c", line 340: remark #1538-D: (ULP 10.1) ISR P2_ISR calls function OLED_ShowNum. Recommend moving function call away from ISR, or inlining the function, or using pragmas
"../USER/main.c", line 42: remark #1535-D: (ULP 8.1) variable "line" is used as a constant. Recommend declaring variable as either 'static const' or 'const'
"../USER/main.c", line 44: remark #1535-D: (ULP 8.1) variable "duojidafuduzuo" is used as a constant. Recommend declaring variable as either 'static const' or 'const'
Finished building: "../USER/main.c"
 
Building target: "Black_helo.out"
Invoking: MSP430 Linker
"C:/ti/ccs1200/ccs/tools/compiler/ti-cgt-msp430_21.6.0.LTS/bin/cl430" -vmspx --data_model=restricted --use_hw_mpy=F5 --advice:power=all --define=__MSP430F5529__ -g --printf_support=minimal --diag_warning=225 --diag_wrap=off --display_error_number --silicon_errata=CPU21 --silicon_errata=CPU22 --silicon_errata=CPU23 --silicon_errata=CPU40 -z -m"Black_helo.map" --heap_size=160 --stack_size=160 --cinit_hold_wdt=on -i"C:/ti/ccs1200/ccs/ccs_base/msp430/include" -i"C:/ti/ccs1200/ccs/ccs_base/msp430/lib/5xx_6xx_FRxx" -i"C:/ti/ccs1200/ccs/tools/compiler/ti-cgt-msp430_21.6.0.LTS/lib" -i"C:/ti/ccs1200/ccs/tools/compiler/ti-cgt-msp430_21.6.0.LTS/include" --reread_libs --diag_wrap=off --display_error_number --warn_sections --xml_link_info="Black_helo_linkInfo.xml" --use_hw_mpy=F5 --rom_model -o "Black_helo.out" "./GO/Black_DELAY.obj" "./GO/Black_GPIO.obj" "./GO/Black_INTERRUPT.obj" "./GO/Black_KEY.obj" "./GO/Black_LED.obj" "./GO/Black_OLED.obj" "./GO/Black_PWM.obj" "./GO/Black_USART.obj" "./GO/GY86.obj" "./USER/Black_Init.obj" "./USER/Black_readme.obj" "./USER/main.obj" "../lnk_msp430f5529.cmd"  -llibmath.a -llibc.a 
<Linking>
remark #10371-D: (ULP 1.1) Detected no uses of low power mode state changing instructions
Finished building target: "Black_helo.out"
 

**** Build Finished ****

**** Build of configuration Debug for project Black_helo ****

"C:\\ti\\ccs1200\\ccs\\utils\\bin\\gmake" -k -j 16 all -O 
 
gmake[1]: 'Black_helo.out' is up to date.

**** Build Finished ****

**** Build of configuration Debug for project Black_helo ****

"C:\\ti\\ccs1200\\ccs\\utils\\bin\\gmake" -k -j 16 all -O 
 
gmake[1]: 'Black_helo.out' is up to date.

**** Build Finished ****

**** Build of configuration Debug for project Black_helo ****

"C:\\ti\\ccs1200\\ccs\\utils\\bin\\gmake" -k -j 16 all -O 
 
gmake[1]: 'Black_helo.out' is up to date.

**** Build Finished ****

**** Build of configuration Debug for project Black_helo ****

"C:\\ti\\ccs1200\\ccs\\utils\\bin\\gmake" -k -j 16 all -O 
 
Building file: "../GO/Black_PWM.c"
Invoking: MSP430 Compiler
"C:/ti/ccs1200/ccs/tools/compiler/ti-cgt-msp430_21.6.0.LTS/bin/cl430" -vmspx --data_model=restricted --use_hw_mpy=F5 --include_path="C:/ti/ccs1200/ccs/ccs_base/msp430/include" --include_path="D:/diansai/poducar/msp4305529(text)" --include_path="C:/ti/ccs1200/ccs/tools/compiler/ti-cgt-msp430_21.6.0.LTS/include" --advice:power=all --define=__MSP430F5529__ -g --printf_support=minimal --diag_warning=225 --diag_wrap=off --display_error_number --silicon_errata=CPU21 --silicon_errata=CPU22 --silicon_errata=CPU23 --silicon_errata=CPU40 --preproc_with_compile --preproc_dependency="GO/Black_PWM.d_raw" --obj_directory="GO"  "../GO/Black_PWM.c"
"../GO/Black_PWM.c", line 23: remark #1530-D: (ULP 5.1) Detected divide operation(s). Recommend moving them to RAM during run time or not using as these are processing/power intensive
"../GO/Black_PWM.c", line 40: remark #1530-D: (ULP 5.1) Detected divide operation(s). Recommend moving them to RAM during run time or not using as these are processing/power intensive
"../GO/Black_PWM.c", line 57: remark #1530-D: (ULP 5.1) Detected divide operation(s). Recommend moving them to RAM during run time or not using as these are processing/power intensive
"../GO/Black_PWM.c", line 74: remark #1530-D: (ULP 5.1) Detected divide operation(s). Recommend moving them to RAM during run time or not using as these are processing/power intensive
"../GO/Black_PWM.c", line 23 (col. 9): remark #1531-D: (ULP 5.2) Detected floating point operation(s). Recommend moving them to RAM during run time or not using as these are processing/power intensive
"../GO/Black_PWM.c", line 40 (col. 9): remark #1531-D: (ULP 5.2) Detected floating point operation(s). Recommend moving them to RAM during run time or not using as these are processing/power intensive
"../GO/Black_PWM.c", line 57 (col. 9): remark #1531-D: (ULP 5.2) Detected floating point operation(s). Recommend moving them to RAM during run time or not using as these are processing/power intensive
"../GO/Black_PWM.c", line 74 (col. 9): remark #1531-D: (ULP 5.2) Detected floating point operation(s). Recommend moving them to RAM during run time or not using as these are processing/power intensive
Finished building: "../GO/Black_PWM.c"
 
Building target: "Black_helo.out"
Invoking: MSP430 Linker
"C:/ti/ccs1200/ccs/tools/compiler/ti-cgt-msp430_21.6.0.LTS/bin/cl430" -vmspx --data_model=restricted --use_hw_mpy=F5 --advice:power=all --define=__MSP430F5529__ -g --printf_support=minimal --diag_warning=225 --diag_wrap=off --display_error_number --silicon_errata=CPU21 --silicon_errata=CPU22 --silicon_errata=CPU23 --silicon_errata=CPU40 -z -m"Black_helo.map" --heap_size=160 --stack_size=160 --cinit_hold_wdt=on -i"C:/ti/ccs1200/ccs/ccs_base/msp430/include" -i"C:/ti/ccs1200/ccs/ccs_base/msp430/lib/5xx_6xx_FRxx" -i"C:/ti/ccs1200/ccs/tools/compiler/ti-cgt-msp430_21.6.0.LTS/lib" -i"C:/ti/ccs1200/ccs/tools/compiler/ti-cgt-msp430_21.6.0.LTS/include" --reread_libs --diag_wrap=off --display_error_number --warn_sections --xml_link_info="Black_helo_linkInfo.xml" --use_hw_mpy=F5 --rom_model -o "Black_helo.out" "./GO/Black_DELAY.obj" "./GO/Black_GPIO.obj" "./GO/Black_INTERRUPT.obj" "./GO/Black_KEY.obj" "./GO/Black_LED.obj" "./GO/Black_OLED.obj" "./GO/Black_PWM.obj" "./GO/Black_USART.obj" "./GO/GY86.obj" "./USER/Black_Init.obj" "./USER/Black_readme.obj" "./USER/main.obj" "../lnk_msp430f5529.cmd"  -llibmath.a -llibc.a 
<Linking>
remark #10371-D: (ULP 1.1) Detected no uses of low power mode state changing instructions
Finished building target: "Black_helo.out"
 

**** Build Finished ****

**** Build of configuration Debug for project Black_helo ****

"C:\\ti\\ccs1200\\ccs\\utils\\bin\\gmake" -k -j 16 all -O 
 
gmake[1]: 'Black_helo.out' is up to date.

**** Build Finished ****

**** Build of configuration Debug for project Black_helo ****

"C:\\ti\\ccs1200\\ccs\\utils\\bin\\gmake" -k -j 16 all -O 
 
gmake[1]: 'Black_helo.out' is up to date.

**** Build Finished ****
